{"meta": {"format": 3, "version": "7.13.0", "timestamp": "2025-12-19T08:48:37.669488", "branch_coverage": false, "show_contexts": false}, "files": {"src/reconciliation/__init__.py": {"executed_lines": [1, 18, 19], "summary": {"covered_lines": 2, "num_statements": 2, "percent_covered": 100.0, "percent_covered_display": "100", "missing_lines": 0, "excluded_lines": 0, "percent_statements_covered": 100.0, "percent_statements_covered_display": "100"}, "missing_lines": [], "excluded_lines": [], "functions": {"": {"executed_lines": [1, 18, 19], "summary": {"covered_lines": 2, "num_statements": 2, "percent_covered": 100.0, "percent_covered_display": "100", "missing_lines": 0, "excluded_lines": 0, "percent_statements_covered": 100.0, "percent_statements_covered_display": "100"}, "missing_lines": [], "excluded_lines": []}}, "classes": {"": {"executed_lines": [1, 18, 19], "summary": {"covered_lines": 2, "num_statements": 2, "percent_covered": 100.0, "percent_covered_display": "100", "missing_lines": 0, "excluded_lines": 0, "percent_statements_covered": 100.0, "percent_statements_covered_display": "100"}, "missing_lines": [], "excluded_lines": []}}}, "src/reconciliation/cli.py": {"executed_lines": [1, 8, 9, 10, 11, 12, 13, 15, 16, 22, 23, 26, 29, 36, 43, 53, 55, 56, 57, 58, 59, 61, 68, 76, 77, 78, 79, 82, 89, 98, 99, 100, 101, 102, 103, 105, 108, 115, 116, 118, 121, 124, 125, 126, 128, 130, 132, 134, 142, 143, 146, 153, 154, 157, 159, 160, 162, 163, 170, 171, 172, 174, 175, 176, 180, 183, 184, 185, 187, 188, 189, 190, 191, 192, 197, 200, 201, 202, 203, 206, 207, 208, 210, 211, 213, 214, 215, 218, 225, 228, 231, 232, 233, 235, 238, 239, 242, 245, 246, 256, 258, 268, 271, 272, 275, 282, 284, 285, 286, 288, 289, 290, 291, 292, 293, 294, 295, 296, 297, 298, 299, 300, 301, 303, 304, 305, 308, 310, 332, 339, 342, 343, 347, 351, 356, 360, 366, 371, 377, 378, 379, 380, 382, 383, 384, 385, 386, 389, 390, 394, 398, 403, 407, 413, 417, 423, 424, 425, 426, 428, 429, 430, 431, 432, 435, 436, 441, 447, 452, 455, 458, 459, 460, 461, 462, 463, 464, 465, 466, 467, 469, 470, 473], "summary": {"covered_lines": 182, "num_statements": 185, "percent_covered": 98.37837837837837, "percent_covered_display": "98", "missing_lines": 3, "excluded_lines": 0, "percent_statements_covered": 98.37837837837837, "percent_statements_covered_display": "98"}, "missing_lines": [177, 194, 474], "excluded_lines": [], "functions": {"setup_logging": {"executed_lines": [36], "summary": {"covered_lines": 1, "num_statements": 1, "percent_covered": 100.0, "percent_covered_display": "100", "missing_lines": 0, "excluded_lines": 0, "percent_statements_covered": 100.0, "percent_statements_covered_display": "100"}, "missing_lines": [], "excluded_lines": []}, "get_credentials_from_vault_or_env": {"executed_lines": [53, 55, 56, 57, 58, 59, 61, 68, 76, 77, 78, 79, 82, 89, 98, 99, 100, 101, 102, 103, 105], "summary": {"covered_lines": 21, "num_statements": 21, "percent_covered": 100.0, "percent_covered_display": "100", "missing_lines": 0, "excluded_lines": 0, "percent_statements_covered": 100.0, "percent_statements_covered_display": "100"}, "missing_lines": [], "excluded_lines": []}, "cmd_run": {"executed_lines": [115, 116, 118, 121, 124, 125, 126, 128, 130, 132, 134, 142, 143, 146, 153, 154, 157, 159, 160, 162, 163, 170, 171, 172, 174, 175, 176, 180, 183, 184, 185, 187, 188, 189, 190, 191, 192, 197, 200, 201, 202, 203, 206, 207, 208, 210, 211, 213, 214, 215], "summary": {"covered_lines": 50, "num_statements": 52, "percent_covered": 96.15384615384616, "percent_covered_display": "96", "missing_lines": 2, "excluded_lines": 0, "percent_statements_covered": 96.15384615384616, "percent_statements_covered_display": "96"}, "missing_lines": [177, 194], "excluded_lines": []}, "cmd_schedule": {"executed_lines": [225, 228, 231, 232, 233, 235, 238, 239, 242, 245, 246, 256, 258, 268, 271, 272], "summary": {"covered_lines": 16, "num_statements": 16, "percent_covered": 100.0, "percent_covered_display": "100", "missing_lines": 0, "excluded_lines": 0, "percent_statements_covered": 100.0, "percent_statements_covered_display": "100"}, "missing_lines": [], "excluded_lines": []}, "cmd_report": {"executed_lines": [282, 284, 285, 286, 288, 289, 290, 291, 292, 293, 294, 295, 296, 297, 298, 299, 300, 301, 303, 304, 305], "summary": {"covered_lines": 21, "num_statements": 21, "percent_covered": 100.0, "percent_covered_display": "100", "missing_lines": 0, "excluded_lines": 0, "percent_statements_covered": 100.0, "percent_statements_covered_display": "100"}, "missing_lines": [], "excluded_lines": []}, "main": {"executed_lines": [310, 332, 339, 342, 343, 347, 351, 356, 360, 366, 371, 377, 378, 379, 380, 382, 383, 384, 385, 386, 389, 390, 394, 398, 403, 407, 413, 417, 423, 424, 425, 426, 428, 429, 430, 431, 432, 435, 436, 441, 447, 452, 455, 458, 459, 460, 461, 462, 463, 464, 465, 466, 467, 469, 470], "summary": {"covered_lines": 55, "num_statements": 55, "percent_covered": 100.0, "percent_covered_display": "100", "missing_lines": 0, "excluded_lines": 0, "percent_statements_covered": 100.0, "percent_statements_covered_display": "100"}, "missing_lines": [], "excluded_lines": []}, "": {"executed_lines": [1, 8, 9, 10, 11, 12, 13, 15, 16, 22, 23, 26, 29, 43, 108, 218, 275, 308, 473], "summary": {"covered_lines": 18, "num_statements": 19, "percent_covered": 94.73684210526316, "percent_covered_display": "95", "missing_lines": 1, "excluded_lines": 0, "percent_statements_covered": 94.73684210526316, "percent_statements_covered_display": "95"}, "missing_lines": [474], "excluded_lines": []}}, "classes": {"": {"executed_lines": [1, 8, 9, 10, 11, 12, 13, 15, 16, 22, 23, 26, 29, 36, 43, 53, 55, 56, 57, 58, 59, 61, 68, 76, 77, 78, 79, 82, 89, 98, 99, 100, 101, 102, 103, 105, 108, 115, 116, 118, 121, 124, 125, 126, 128, 130, 132, 134, 142, 143, 146, 153, 154, 157, 159, 160, 162, 163, 170, 171, 172, 174, 175, 176, 180, 183, 184, 185, 187, 188, 189, 190, 191, 192, 197, 200, 201, 202, 203, 206, 207, 208, 210, 211, 213, 214, 215, 218, 225, 228, 231, 232, 233, 235, 238, 239, 242, 245, 246, 256, 258, 268, 271, 272, 275, 282, 284, 285, 286, 288, 289, 290, 291, 292, 293, 294, 295, 296, 297, 298, 299, 300, 301, 303, 304, 305, 308, 310, 332, 339, 342, 343, 347, 351, 356, 360, 366, 371, 377, 378, 379, 380, 382, 383, 384, 385, 386, 389, 390, 394, 398, 403, 407, 413, 417, 423, 424, 425, 426, 428, 429, 430, 431, 432, 435, 436, 441, 447, 452, 455, 458, 459, 460, 461, 462, 463, 464, 465, 466, 467, 469, 470, 473], "summary": {"covered_lines": 182, "num_statements": 185, "percent_covered": 98.37837837837837, "percent_covered_display": "98", "missing_lines": 3, "excluded_lines": 0, "percent_statements_covered": 98.37837837837837, "percent_statements_covered_display": "98"}, "missing_lines": [177, 194, 474], "excluded_lines": []}}}, "src/reconciliation/compare.py": {"executed_lines": [1, 10, 11, 12, 13, 16, 42, 43, 47, 48, 50, 60, 63, 88, 89, 91, 93, 102, 105, 122, 127, 128, 129, 130, 133, 155, 161, 163, 165, 166, 169, 172, 173, 174, 178, 179, 181, 184, 186, 188, 189, 191, 194, 226, 227, 229, 239, 240, 241, 243, 244, 245, 248, 250], "summary": {"covered_lines": 53, "num_statements": 56, "percent_covered": 94.64285714285714, "percent_covered_display": "95", "missing_lines": 3, "excluded_lines": 0, "percent_statements_covered": 94.64285714285714, "percent_statements_covered_display": "95"}, "missing_lines": [123, 156, 175], "excluded_lines": [], "functions": {"compare_row_counts": {"executed_lines": [42, 43, 47, 48, 50, 60], "summary": {"covered_lines": 6, "num_statements": 6, "percent_covered": 100.0, "percent_covered_display": "100", "missing_lines": 0, "excluded_lines": 0, "percent_statements_covered": 100.0, "percent_statements_covered_display": "100"}, "missing_lines": [], "excluded_lines": []}, "compare_checksums": {"executed_lines": [88, 89, 91, 93, 102], "summary": {"covered_lines": 5, "num_statements": 5, "percent_covered": 100.0, "percent_covered_display": "100", "missing_lines": 0, "excluded_lines": 0, "percent_statements_covered": 100.0, "percent_statements_covered_display": "100"}, "missing_lines": [], "excluded_lines": []}, "get_row_count": {"executed_lines": [122, 127, 128, 129, 130], "summary": {"covered_lines": 5, "num_statements": 6, "percent_covered": 83.33333333333333, "percent_covered_display": "83", "missing_lines": 1, "excluded_lines": 0, "percent_statements_covered": 83.33333333333333, "percent_statements_covered_display": "83"}, "missing_lines": [123], "excluded_lines": []}, "calculate_checksum": {"executed_lines": [155, 161, 163, 165, 166, 169, 172, 173, 174, 178, 179, 181, 184, 186, 188, 189, 191], "summary": {"covered_lines": 17, "num_statements": 19, "percent_covered": 89.47368421052632, "percent_covered_display": "89", "missing_lines": 2, "excluded_lines": 0, "percent_statements_covered": 89.47368421052632, "percent_statements_covered_display": "89"}, "missing_lines": [156, 175], "excluded_lines": []}, "reconcile_table": {"executed_lines": [226, 227, 229, 239, 240, 241, 243, 244, 245, 248, 250], "summary": {"covered_lines": 11, "num_statements": 11, "percent_covered": 100.0, "percent_covered_display": "100", "missing_lines": 0, "excluded_lines": 0, "percent_statements_covered": 100.0, "percent_statements_covered_display": "100"}, "missing_lines": [], "excluded_lines": []}, "": {"executed_lines": [1, 10, 11, 12, 13, 16, 63, 105, 133, 194], "summary": {"covered_lines": 9, "num_statements": 9, "percent_covered": 100.0, "percent_covered_display": "100", "missing_lines": 0, "excluded_lines": 0, "percent_statements_covered": 100.0, "percent_statements_covered_display": "100"}, "missing_lines": [], "excluded_lines": []}}, "classes": {"": {"executed_lines": [1, 10, 11, 12, 13, 16, 42, 43, 47, 48, 50, 60, 63, 88, 89, 91, 93, 102, 105, 122, 127, 128, 129, 130, 133, 155, 161, 163, 165, 166, 169, 172, 173, 174, 178, 179, 181, 184, 186, 188, 189, 191, 194, 226, 227, 229, 239, 240, 241, 243, 244, 245, 248, 250], "summary": {"covered_lines": 53, "num_statements": 56, "percent_covered": 94.64285714285714, "percent_covered_display": "95", "missing_lines": 3, "excluded_lines": 0, "percent_statements_covered": 94.64285714285714, "percent_statements_covered_display": "95"}, "missing_lines": [123, 156, 175], "excluded_lines": []}}}, "src/reconciliation/report.py": {"executed_lines": [1, 8, 9, 10, 13, 23, 26, 46, 47, 60, 61, 62, 63, 64, 65, 67, 68, 69, 71, 72, 75, 76, 78, 81, 82, 83, 88, 102, 103, 116, 119, 122, 124, 137, 140, 151, 152, 155, 157, 158, 159, 160, 161, 162, 164, 167, 179, 180, 182, 188, 202, 204, 205, 208, 211, 215, 217, 221, 222, 226, 231, 235, 236, 242, 246, 247, 251, 256, 257, 262, 266, 269, 277, 278, 281, 289, 291, 292, 295, 306, 307, 319, 329, 331, 332, 333, 334, 335, 336, 337, 338, 339, 340, 341, 343, 344, 345, 346, 348, 349, 350, 352, 353, 354, 355, 356, 357, 359, 360, 361, 362, 363, 364, 366, 368], "summary": {"covered_lines": 114, "num_statements": 114, "percent_covered": 100.0, "percent_covered_display": "100", "missing_lines": 0, "excluded_lines": 0, "percent_statements_covered": 100.0, "percent_statements_covered_display": "100"}, "missing_lines": [], "excluded_lines": [], "functions": {"format_timestamp": {"executed_lines": [23], "summary": {"covered_lines": 1, "num_statements": 1, "percent_covered": 100.0, "percent_covered_display": "100", "missing_lines": 0, "excluded_lines": 0, "percent_statements_covered": 100.0, "percent_statements_covered_display": "100"}, "missing_lines": [], "excluded_lines": []}, "generate_report": {"executed_lines": [46, 47, 60, 61, 62, 63, 64, 65, 67, 68, 69, 71, 72, 75, 76, 78, 81, 82, 83, 88, 102, 103, 116, 119, 122, 124, 137], "summary": {"covered_lines": 27, "num_statements": 27, "percent_covered": 100.0, "percent_covered_display": "100", "missing_lines": 0, "excluded_lines": 0, "percent_statements_covered": 100.0, "percent_statements_covered_display": "100"}, "missing_lines": [], "excluded_lines": []}, "_calculate_severity": {"executed_lines": [151, 152, 155, 157, 158, 159, 160, 161, 162, 164], "summary": {"covered_lines": 10, "num_statements": 10, "percent_covered": 100.0, "percent_covered_display": "100", "missing_lines": 0, "excluded_lines": 0, "percent_statements_covered": 100.0, "percent_statements_covered_display": "100"}, "missing_lines": [], "excluded_lines": []}, "_generate_summary": {"executed_lines": [179, 180, 182], "summary": {"covered_lines": 3, "num_statements": 3, "percent_covered": 100.0, "percent_covered_display": "100", "missing_lines": 0, "excluded_lines": 0, "percent_statements_covered": 100.0, "percent_statements_covered_display": "100"}, "missing_lines": [], "excluded_lines": []}, "_generate_recommendations": {"executed_lines": [202, 204, 205, 208, 211, 215, 217, 221, 222, 226, 231, 235, 236, 242, 246, 247, 251, 256, 257, 262, 266], "summary": {"covered_lines": 21, "num_statements": 21, "percent_covered": 100.0, "percent_covered_display": "100", "missing_lines": 0, "excluded_lines": 0, "percent_statements_covered": 100.0, "percent_statements_covered_display": "100"}, "missing_lines": [], "excluded_lines": []}, "export_report_json": {"executed_lines": [277, 278], "summary": {"covered_lines": 2, "num_statements": 2, "percent_covered": 100.0, "percent_covered_display": "100", "missing_lines": 0, "excluded_lines": 0, "percent_statements_covered": 100.0, "percent_statements_covered_display": "100"}, "missing_lines": [], "excluded_lines": []}, "export_report_csv": {"executed_lines": [289, 291, 292, 295, 306, 307], "summary": {"covered_lines": 6, "num_statements": 6, "percent_covered": 100.0, "percent_covered_display": "100", "missing_lines": 0, "excluded_lines": 0, "percent_statements_covered": 100.0, "percent_statements_covered_display": "100"}, "missing_lines": [], "excluded_lines": []}, "format_report_console": {"executed_lines": [329, 331, 332, 333, 334, 335, 336, 337, 338, 339, 340, 341, 343, 344, 345, 346, 348, 349, 350, 352, 353, 354, 355, 356, 357, 359, 360, 361, 362, 363, 364, 366, 368], "summary": {"covered_lines": 33, "num_statements": 33, "percent_covered": 100.0, "percent_covered_display": "100", "missing_lines": 0, "excluded_lines": 0, "percent_statements_covered": 100.0, "percent_statements_covered_display": "100"}, "missing_lines": [], "excluded_lines": []}, "": {"executed_lines": [1, 8, 9, 10, 13, 26, 140, 167, 188, 269, 281, 319], "summary": {"covered_lines": 11, "num_statements": 11, "percent_covered": 100.0, "percent_covered_display": "100", "missing_lines": 0, "excluded_lines": 0, "percent_statements_covered": 100.0, "percent_statements_covered_display": "100"}, "missing_lines": [], "excluded_lines": []}}, "classes": {"": {"executed_lines": [1, 8, 9, 10, 13, 23, 26, 46, 47, 60, 61, 62, 63, 64, 65, 67, 68, 69, 71, 72, 75, 76, 78, 81, 82, 83, 88, 102, 103, 116, 119, 122, 124, 137, 140, 151, 152, 155, 157, 158, 159, 160, 161, 162, 164, 167, 179, 180, 182, 188, 202, 204, 205, 208, 211, 215, 217, 221, 222, 226, 231, 235, 236, 242, 246, 247, 251, 256, 257, 262, 266, 269, 277, 278, 281, 289, 291, 292, 295, 306, 307, 319, 329, 331, 332, 333, 334, 335, 336, 337, 338, 339, 340, 341, 343, 344, 345, 346, 348, 349, 350, 352, 353, 354, 355, 356, 357, 359, 360, 361, 362, 363, 364, 366, 368], "summary": {"covered_lines": 114, "num_statements": 114, "percent_covered": 100.0, "percent_covered_display": "100", "missing_lines": 0, "excluded_lines": 0, "percent_statements_covered": 100.0, "percent_statements_covered_display": "100"}, "missing_lines": [], "excluded_lines": []}}}, "src/reconciliation/scheduler.py": {"executed_lines": [1, 8, 9, 10, 11, 12, 13, 14, 17, 20, 21, 28, 30, 31, 33, 49, 51, 59, 60, 64, 87, 89, 90, 94, 96, 104, 112, 113, 115, 122, 123, 124, 126, 133, 134, 136, 137, 138, 139, 140, 142, 144, 145, 147, 154, 156, 157, 164, 167, 187, 188, 189, 190, 192, 193, 196, 198, 200, 202, 209, 212, 219, 222, 223, 225, 226, 228, 229, 236, 238, 239, 241, 245, 248, 249, 250, 252, 254, 255, 256, 259, 260, 261, 262, 264, 265, 266, 269, 276], "summary": {"covered_lines": 87, "num_statements": 87, "percent_covered": 100.0, "percent_covered_display": "100", "missing_lines": 0, "excluded_lines": 0, "percent_statements_covered": 100.0, "percent_statements_covered_display": "100"}, "missing_lines": [], "excluded_lines": [], "functions": {"ReconciliationScheduler.__init__": {"executed_lines": [30, 31], "summary": {"covered_lines": 2, "num_statements": 2, "percent_covered": 100.0, "percent_covered_display": "100", "missing_lines": 0, "excluded_lines": 0, "percent_statements_covered": 100.0, "percent_statements_covered_display": "100"}, "missing_lines": [], "excluded_lines": []}, "ReconciliationScheduler.add_interval_job": {"executed_lines": [49, 51, 59, 60], "summary": {"covered_lines": 4, "num_statements": 4, "percent_covered": 100.0, "percent_covered_display": "100", "missing_lines": 0, "excluded_lines": 0, "percent_statements_covered": 100.0, "percent_statements_covered_display": "100"}, "missing_lines": [], "excluded_lines": []}, "ReconciliationScheduler.add_cron_job": {"executed_lines": [87, 89, 90, 94, 96, 104, 112, 113], "summary": {"covered_lines": 8, "num_statements": 8, "percent_covered": 100.0, "percent_covered_display": "100", "missing_lines": 0, "excluded_lines": 0, "percent_statements_covered": 100.0, "percent_statements_covered_display": "100"}, "missing_lines": [], "excluded_lines": []}, "ReconciliationScheduler.remove_job": {"executed_lines": [122, 123, 124], "summary": {"covered_lines": 3, "num_statements": 3, "percent_covered": 100.0, "percent_covered_display": "100", "missing_lines": 0, "excluded_lines": 0, "percent_statements_covered": 100.0, "percent_statements_covered_display": "100"}, "missing_lines": [], "excluded_lines": []}, "ReconciliationScheduler.start": {"executed_lines": [133, 134, 136, 137, 138, 139, 140], "summary": {"covered_lines": 7, "num_statements": 7, "percent_covered": 100.0, "percent_covered_display": "100", "missing_lines": 0, "excluded_lines": 0, "percent_statements_covered": 100.0, "percent_statements_covered_display": "100"}, "missing_lines": [], "excluded_lines": []}, "ReconciliationScheduler.stop": {"executed_lines": [144, 145], "summary": {"covered_lines": 2, "num_statements": 2, "percent_covered": 100.0, "percent_covered_display": "100", "missing_lines": 0, "excluded_lines": 0, "percent_statements_covered": 100.0, "percent_statements_covered_display": "100"}, "missing_lines": [], "excluded_lines": []}, "ReconciliationScheduler.list_jobs": {"executed_lines": [154, 156, 157, 164], "summary": {"covered_lines": 4, "num_statements": 4, "percent_covered": 100.0, "percent_covered_display": "100", "missing_lines": 0, "excluded_lines": 0, "percent_statements_covered": 100.0, "percent_statements_covered_display": "100"}, "missing_lines": [], "excluded_lines": []}, "reconcile_job_wrapper": {"executed_lines": [187, 188, 189, 190, 192, 193, 196, 198, 200, 202, 209, 212, 219, 222, 223, 225, 226, 228, 229, 236, 238, 239, 241, 245, 248, 249, 250, 252, 254, 255, 256, 259, 260, 261, 262, 264, 265, 266], "summary": {"covered_lines": 38, "num_statements": 38, "percent_covered": 100.0, "percent_covered_display": "100", "missing_lines": 0, "excluded_lines": 0, "percent_statements_covered": 100.0, "percent_statements_covered_display": "100"}, "missing_lines": [], "excluded_lines": []}, "setup_logging": {"executed_lines": [276], "summary": {"covered_lines": 1, "num_statements": 1, "percent_covered": 100.0, "percent_covered_display": "100", "missing_lines": 0, "excluded_lines": 0, "percent_statements_covered": 100.0, "percent_statements_covered_display": "100"}, "missing_lines": [], "excluded_lines": []}, "": {"executed_lines": [1, 8, 9, 10, 11, 12, 13, 14, 17, 20, 21, 28, 33, 64, 115, 126, 142, 147, 167, 269], "summary": {"covered_lines": 18, "num_statements": 18, "percent_covered": 100.0, "percent_covered_display": "100", "missing_lines": 0, "excluded_lines": 0, "percent_statements_covered": 100.0, "percent_statements_covered_display": "100"}, "missing_lines": [], "excluded_lines": []}}, "classes": {"ReconciliationScheduler": {"executed_lines": [30, 31, 49, 51, 59, 60, 87, 89, 90, 94, 96, 104, 112, 113, 122, 123, 124, 133, 134, 136, 137, 138, 139, 140, 144, 145, 154, 156, 157, 164], "summary": {"covered_lines": 30, "num_statements": 30, "percent_covered": 100.0, "percent_covered_display": "100", "missing_lines": 0, "excluded_lines": 0, "percent_statements_covered": 100.0, "percent_statements_covered_display": "100"}, "missing_lines": [], "excluded_lines": []}, "": {"executed_lines": [1, 8, 9, 10, 11, 12, 13, 14, 17, 20, 21, 28, 33, 64, 115, 126, 142, 147, 167, 187, 188, 189, 190, 192, 193, 196, 198, 200, 202, 209, 212, 219, 222, 223, 225, 226, 228, 229, 236, 238, 239, 241, 245, 248, 249, 250, 252, 254, 255, 256, 259, 260, 261, 262, 264, 265, 266, 269, 276], "summary": {"covered_lines": 57, "num_statements": 57, "percent_covered": 100.0, "percent_covered_display": "100", "missing_lines": 0, "excluded_lines": 0, "percent_statements_covered": 100.0, "percent_statements_covered_display": "100"}, "missing_lines": [], "excluded_lines": []}}}, "src/utils/__init__.py": {"executed_lines": [1, 9, 10], "summary": {"covered_lines": 2, "num_statements": 2, "percent_covered": 100.0, "percent_covered_display": "100", "missing_lines": 0, "excluded_lines": 0, "percent_statements_covered": 100.0, "percent_statements_covered_display": "100"}, "missing_lines": [], "excluded_lines": [], "functions": {"": {"executed_lines": [1, 9, 10], "summary": {"covered_lines": 2, "num_statements": 2, "percent_covered": 100.0, "percent_covered_display": "100", "missing_lines": 0, "excluded_lines": 0, "percent_statements_covered": 100.0, "percent_statements_covered_display": "100"}, "missing_lines": [], "excluded_lines": []}}, "classes": {"": {"executed_lines": [1, 9, 10], "summary": {"covered_lines": 2, "num_statements": 2, "percent_covered": 100.0, "percent_covered_display": "100", "missing_lines": 0, "excluded_lines": 0, "percent_statements_covered": 100.0, "percent_statements_covered_display": "100"}, "missing_lines": [], "excluded_lines": []}}}, "src/utils/logging_config.py": {"executed_lines": [1, 24, 25, 26, 27, 28, 29, 30, 31, 32, 35, 36, 42, 56, 57, 58, 59, 60, 62, 73, 81, 82, 87, 88, 91, 98, 105, 106, 114, 121, 122, 123, 124, 126, 127, 129, 132, 133, 140, 147, 149, 156, 160, 162, 172, 173, 174, 175, 179, 182, 189, 190, 191, 192, 194, 195, 197, 200, 222, 225, 226, 229, 232, 233, 234, 235, 236, 239, 241, 242, 243, 245, 251, 253, 254, 262, 269, 272, 273, 274, 275, 278, 279, 285, 295, 298, 299, 308, 316, 317, 319, 338, 340, 348, 350, 352, 354, 356, 358, 360, 362, 364, 366, 368, 375, 377, 384, 387, 397, 398, 399, 400, 402, 411], "summary": {"covered_lines": 110, "num_statements": 129, "percent_covered": 85.27131782945736, "percent_covered_display": "85", "missing_lines": 19, "excluded_lines": 0, "percent_statements_covered": 85.27131782945736, "percent_statements_covered_display": "85"}, "missing_lines": [413, 420, 423, 424, 425, 426, 427, 430, 440, 441, 442, 443, 446, 451, 452, 454, 457, 463, 464], "excluded_lines": [], "functions": {"JSONFormatter.__init__": {"executed_lines": [56, 57, 58, 59, 60], "summary": {"covered_lines": 5, "num_statements": 5, "percent_covered": 100.0, "percent_covered_display": "100", "missing_lines": 0, "excluded_lines": 0, "percent_statements_covered": 100.0, "percent_statements_covered_display": "100"}, "missing_lines": [], "excluded_lines": []}, "JSONFormatter.format": {"executed_lines": [73, 81, 82, 87, 88, 91, 98, 105, 106, 114, 121, 122, 123, 124, 126, 127, 129], "summary": {"covered_lines": 17, "num_statements": 17, "percent_covered": 100.0, "percent_covered_display": "100", "missing_lines": 0, "excluded_lines": 0, "percent_statements_covered": 100.0, "percent_statements_covered_display": "100"}, "missing_lines": [], "excluded_lines": []}, "ConsoleFormatter.__init__": {"executed_lines": [156, 160], "summary": {"covered_lines": 2, "num_statements": 2, "percent_covered": 100.0, "percent_covered_display": "100", "missing_lines": 0, "excluded_lines": 0, "percent_statements_covered": 100.0, "percent_statements_covered_display": "100"}, "missing_lines": [], "excluded_lines": []}, "ConsoleFormatter.format": {"executed_lines": [172, 173, 174, 175, 179, 182, 189, 190, 191, 192, 194, 195, 197], "summary": {"covered_lines": 13, "num_statements": 13, "percent_covered": 100.0, "percent_covered_display": "100", "missing_lines": 0, "excluded_lines": 0, "percent_statements_covered": 100.0, "percent_statements_covered_display": "100"}, "missing_lines": [], "excluded_lines": []}, "setup_logging": {"executed_lines": [222, 225, 226, 229, 232, 233, 234, 235, 236, 239, 241, 242, 243, 245, 251, 253, 254, 262, 269, 272, 273, 274, 275, 278, 279], "summary": {"covered_lines": 25, "num_statements": 25, "percent_covered": 100.0, "percent_covered_display": "100", "missing_lines": 0, "excluded_lines": 0, "percent_statements_covered": 100.0, "percent_statements_covered_display": "100"}, "missing_lines": [], "excluded_lines": []}, "get_logger": {"executed_lines": [295], "summary": {"covered_lines": 1, "num_statements": 1, "percent_covered": 100.0, "percent_covered_display": "100", "missing_lines": 0, "excluded_lines": 0, "percent_statements_covered": 100.0, "percent_statements_covered_display": "100"}, "missing_lines": [], "excluded_lines": []}, "ContextLogger.__init__": {"executed_lines": [316, 317], "summary": {"covered_lines": 2, "num_statements": 2, "percent_covered": 100.0, "percent_covered_display": "100", "missing_lines": 0, "excluded_lines": 0, "percent_statements_covered": 100.0, "percent_statements_covered_display": "100"}, "missing_lines": [], "excluded_lines": []}, "ContextLogger._log": {"executed_lines": [338, 340], "summary": {"covered_lines": 2, "num_statements": 2, "percent_covered": 100.0, "percent_covered_display": "100", "missing_lines": 0, "excluded_lines": 0, "percent_statements_covered": 100.0, "percent_statements_covered_display": "100"}, "missing_lines": [], "excluded_lines": []}, "ContextLogger.debug": {"executed_lines": [350], "summary": {"covered_lines": 1, "num_statements": 1, "percent_covered": 100.0, "percent_covered_display": "100", "missing_lines": 0, "excluded_lines": 0, "percent_statements_covered": 100.0, "percent_statements_covered_display": "100"}, "missing_lines": [], "excluded_lines": []}, "ContextLogger.info": {"executed_lines": [354], "summary": {"covered_lines": 1, "num_statements": 1, "percent_covered": 100.0, "percent_covered_display": "100", "missing_lines": 0, "excluded_lines": 0, "percent_statements_covered": 100.0, "percent_statements_covered_display": "100"}, "missing_lines": [], "excluded_lines": []}, "ContextLogger.warning": {"executed_lines": [358], "summary": {"covered_lines": 1, "num_statements": 1, "percent_covered": 100.0, "percent_covered_display": "100", "missing_lines": 0, "excluded_lines": 0, "percent_statements_covered": 100.0, "percent_statements_covered_display": "100"}, "missing_lines": [], "excluded_lines": []}, "ContextLogger.error": {"executed_lines": [362], "summary": {"covered_lines": 1, "num_statements": 1, "percent_covered": 100.0, "percent_covered_display": "100", "missing_lines": 0, "excluded_lines": 0, "percent_statements_covered": 100.0, "percent_statements_covered_display": "100"}, "missing_lines": [], "excluded_lines": []}, "ContextLogger.critical": {"executed_lines": [366], "summary": {"covered_lines": 1, "num_statements": 1, "percent_covered": 100.0, "percent_covered_display": "100", "missing_lines": 0, "excluded_lines": 0, "percent_statements_covered": 100.0, "percent_statements_covered_display": "100"}, "missing_lines": [], "excluded_lines": []}, "ContextLogger.update_context": {"executed_lines": [375], "summary": {"covered_lines": 1, "num_statements": 1, "percent_covered": 100.0, "percent_covered_display": "100", "missing_lines": 0, "excluded_lines": 0, "percent_statements_covered": 100.0, "percent_statements_covered_display": "100"}, "missing_lines": [], "excluded_lines": []}, "ContextLogger.get_context": {"executed_lines": [384], "summary": {"covered_lines": 1, "num_statements": 1, "percent_covered": 100.0, "percent_covered_display": "100", "missing_lines": 0, "excluded_lines": 0, "percent_statements_covered": 100.0, "percent_statements_covered_display": "100"}, "missing_lines": [], "excluded_lines": []}, "configure_from_env": {"executed_lines": [397, 398, 399, 400, 402], "summary": {"covered_lines": 5, "num_statements": 5, "percent_covered": 100.0, "percent_covered_display": "100", "missing_lines": 0, "excluded_lines": 0, "percent_statements_covered": 100.0, "percent_statements_covered_display": "100"}, "missing_lines": [], "excluded_lines": []}, "": {"executed_lines": [1, 24, 25, 26, 27, 28, 29, 30, 31, 32, 35, 36, 42, 62, 132, 133, 140, 147, 149, 162, 200, 285, 298, 299, 308, 319, 348, 352, 356, 360, 364, 368, 377, 387, 411], "summary": {"covered_lines": 31, "num_statements": 50, "percent_covered": 62.0, "percent_covered_display": "62", "missing_lines": 19, "excluded_lines": 0, "percent_statements_covered": 62.0, "percent_statements_covered_display": "62"}, "missing_lines": [413, 420, 423, 424, 425, 426, 427, 430, 440, 441, 442, 443, 446, 451, 452, 454, 457, 463, 464], "excluded_lines": []}}, "classes": {"JSONFormatter": {"executed_lines": [56, 57, 58, 59, 60, 73, 81, 82, 87, 88, 91, 98, 105, 106, 114, 121, 122, 123, 124, 126, 127, 129], "summary": {"covered_lines": 22, "num_statements": 22, "percent_covered": 100.0, "percent_covered_display": "100", "missing_lines": 0, "excluded_lines": 0, "percent_statements_covered": 100.0, "percent_statements_covered_display": "100"}, "missing_lines": [], "excluded_lines": []}, "ConsoleFormatter": {"executed_lines": [156, 160, 172, 173, 174, 175, 179, 182, 189, 190, 191, 192, 194, 195, 197], "summary": {"covered_lines": 15, "num_statements": 15, "percent_covered": 100.0, "percent_covered_display": "100", "missing_lines": 0, "excluded_lines": 0, "percent_statements_covered": 100.0, "percent_statements_covered_display": "100"}, "missing_lines": [], "excluded_lines": []}, "ContextLogger": {"executed_lines": [316, 317, 338, 340, 350, 354, 358, 362, 366, 375, 384], "summary": {"covered_lines": 11, "num_statements": 11, "percent_covered": 100.0, "percent_covered_display": "100", "missing_lines": 0, "excluded_lines": 0, "percent_statements_covered": 100.0, "percent_statements_covered_display": "100"}, "missing_lines": [], "excluded_lines": []}, "": {"executed_lines": [1, 24, 25, 26, 27, 28, 29, 30, 31, 32, 35, 36, 42, 62, 132, 133, 140, 147, 149, 162, 200, 222, 225, 226, 229, 232, 233, 234, 235, 236, 239, 241, 242, 243, 245, 251, 253, 254, 262, 269, 272, 273, 274, 275, 278, 279, 285, 295, 298, 299, 308, 319, 348, 352, 356, 360, 364, 368, 377, 387, 397, 398, 399, 400, 402, 411], "summary": {"covered_lines": 62, "num_statements": 81, "percent_covered": 76.54320987654322, "percent_covered_display": "77", "missing_lines": 19, "excluded_lines": 0, "percent_statements_covered": 76.54320987654322, "percent_statements_covered_display": "77"}, "missing_lines": [413, 420, 423, 424, 425, 426, 427, 430, 440, 441, 442, 443, 446, 451, 452, 454, 457, 463, 464], "excluded_lines": []}}}, "src/utils/metrics.py": {"executed_lines": [1, 20, 21, 22, 23, 34, 37, 38, 44, 56, 57, 58, 60, 62, 63, 64, 66, 67, 68, 69, 70, 71, 72, 76, 81, 83, 85, 88, 89, 95, 102, 105, 112, 120, 128, 135, 142, 150, 157, 164, 180, 182, 187, 191, 195, 196, 200, 201, 202, 206, 212, 226, 230, 231, 235, 241, 251, 255, 257, 264, 269, 270, 276, 283, 286, 293, 302, 310, 317, 324, 331, 338, 352, 354, 359, 363, 368, 382, 384, 390, 395, 414, 420, 422, 426, 430, 434, 438, 445, 446, 452, 459, 462, 469, 478, 485, 491, 505, 507, 512, 516, 521, 533, 535, 539, 541, 547, 548, 554, 568, 571, 577, 583, 585, 591, 593, 594, 596, 598, 602, 621, 623, 624, 626, 636], "summary": {"covered_lines": 119, "num_statements": 131, "percent_covered": 90.83969465648855, "percent_covered_display": "91", "missing_lines": 12, "excluded_lines": 0, "percent_statements_covered": 90.83969465648855, "percent_statements_covered_display": "91"}, "missing_lines": [637, 640, 646, 648, 649, 652, 653, 655, 656, 657, 658, 659], "excluded_lines": [], "functions": {"MetricsPublisher.__init__": {"executed_lines": [56, 57, 58], "summary": {"covered_lines": 3, "num_statements": 3, "percent_covered": 100.0, "percent_covered_display": "100", "missing_lines": 0, "excluded_lines": 0, "percent_statements_covered": 100.0, "percent_statements_covered_display": "100"}, "missing_lines": [], "excluded_lines": []}, "MetricsPublisher.start": {"executed_lines": [62, 63, 64, 66, 67, 68, 69, 70, 71, 72, 76, 81], "summary": {"covered_lines": 12, "num_statements": 12, "percent_covered": 100.0, "percent_covered_display": "100", "missing_lines": 0, "excluded_lines": 0, "percent_statements_covered": 100.0, "percent_statements_covered_display": "100"}, "missing_lines": [], "excluded_lines": []}, "MetricsPublisher.is_started": {"executed_lines": [85], "summary": {"covered_lines": 1, "num_statements": 1, "percent_covered": 100.0, "percent_covered_display": "100", "missing_lines": 0, "excluded_lines": 0, "percent_statements_covered": 100.0, "percent_statements_covered_display": "100"}, "missing_lines": [], "excluded_lines": []}, "ReconciliationMetrics.__init__": {"executed_lines": [102, 105, 112, 120, 128, 135, 142, 150, 157], "summary": {"covered_lines": 9, "num_statements": 9, "percent_covered": 100.0, "percent_covered_display": "100", "missing_lines": 0, "excluded_lines": 0, "percent_statements_covered": 100.0, "percent_statements_covered_display": "100"}, "missing_lines": [], "excluded_lines": []}, "ReconciliationMetrics.record_reconciliation_run": {"executed_lines": [180, 182, 187, 191, 195, 196, 200, 201, 202, 206], "summary": {"covered_lines": 10, "num_statements": 10, "percent_covered": 100.0, "percent_covered_display": "100", "missing_lines": 0, "excluded_lines": 0, "percent_statements_covered": 100.0, "percent_statements_covered_display": "100"}, "missing_lines": [], "excluded_lines": []}, "ReconciliationMetrics.record_row_count_mismatch": {"executed_lines": [226, 230, 231, 235], "summary": {"covered_lines": 4, "num_statements": 4, "percent_covered": 100.0, "percent_covered_display": "100", "missing_lines": 0, "excluded_lines": 0, "percent_statements_covered": 100.0, "percent_statements_covered_display": "100"}, "missing_lines": [], "excluded_lines": []}, "ReconciliationMetrics.record_checksum_mismatch": {"executed_lines": [251, 255], "summary": {"covered_lines": 2, "num_statements": 2, "percent_covered": 100.0, "percent_covered_display": "100", "missing_lines": 0, "excluded_lines": 0, "percent_statements_covered": 100.0, "percent_statements_covered_display": "100"}, "missing_lines": [], "excluded_lines": []}, "ReconciliationMetrics.reset_difference": {"executed_lines": [264], "summary": {"covered_lines": 1, "num_statements": 1, "percent_covered": 100.0, "percent_covered_display": "100", "missing_lines": 0, "excluded_lines": 0, "percent_statements_covered": 100.0, "percent_statements_covered_display": "100"}, "missing_lines": [], "excluded_lines": []}, "ConnectorMetrics.__init__": {"executed_lines": [283, 286, 293, 302, 310, 317, 324, 331], "summary": {"covered_lines": 8, "num_statements": 8, "percent_covered": 100.0, "percent_covered_display": "100", "missing_lines": 0, "excluded_lines": 0, "percent_statements_covered": 100.0, "percent_statements_covered_display": "100"}, "missing_lines": [], "excluded_lines": []}, "ConnectorMetrics.record_deployment": {"executed_lines": [352, 354, 359, 363], "summary": {"covered_lines": 4, "num_statements": 4, "percent_covered": 100.0, "percent_covered_display": "100", "missing_lines": 0, "excluded_lines": 0, "percent_statements_covered": 100.0, "percent_statements_covered_display": "100"}, "missing_lines": [], "excluded_lines": []}, "ConnectorMetrics.record_operation": {"executed_lines": [382, 384, 390], "summary": {"covered_lines": 3, "num_statements": 3, "percent_covered": 100.0, "percent_covered_display": "100", "missing_lines": 0, "excluded_lines": 0, "percent_statements_covered": 100.0, "percent_statements_covered_display": "100"}, "missing_lines": [], "excluded_lines": []}, "ConnectorMetrics.update_connector_state": {"executed_lines": [414, 420, 422, 426, 430, 434, 438], "summary": {"covered_lines": 7, "num_statements": 7, "percent_covered": 100.0, "percent_covered_display": "100", "missing_lines": 0, "excluded_lines": 0, "percent_statements_covered": 100.0, "percent_statements_covered_display": "100"}, "missing_lines": [], "excluded_lines": []}, "VaultMetrics.__init__": {"executed_lines": [459, 462, 469, 478, 485], "summary": {"covered_lines": 5, "num_statements": 5, "percent_covered": 100.0, "percent_covered_display": "100", "missing_lines": 0, "excluded_lines": 0, "percent_statements_covered": 100.0, "percent_statements_covered_display": "100"}, "missing_lines": [], "excluded_lines": []}, "VaultMetrics.record_credential_retrieval": {"executed_lines": [505, 507, 512, 516], "summary": {"covered_lines": 4, "num_statements": 4, "percent_covered": 100.0, "percent_covered_display": "100", "missing_lines": 0, "excluded_lines": 0, "percent_statements_covered": 100.0, "percent_statements_covered_display": "100"}, "missing_lines": [], "excluded_lines": []}, "VaultMetrics.record_health_check": {"executed_lines": [533, 535, 539, 541], "summary": {"covered_lines": 4, "num_statements": 4, "percent_covered": 100.0, "percent_covered_display": "100", "missing_lines": 0, "excluded_lines": 0, "percent_statements_covered": 100.0, "percent_statements_covered_display": "100"}, "missing_lines": [], "excluded_lines": []}, "ApplicationInfo.__init__": {"executed_lines": [568, 571, 577, 583, 585], "summary": {"covered_lines": 5, "num_statements": 5, "percent_covered": 100.0, "percent_covered_display": "100", "missing_lines": 0, "excluded_lines": 0, "percent_statements_covered": 100.0, "percent_statements_covered_display": "100"}, "missing_lines": [], "excluded_lines": []}, "ApplicationInfo.update_uptime": {"executed_lines": [593, 594], "summary": {"covered_lines": 2, "num_statements": 2, "percent_covered": 100.0, "percent_covered_display": "100", "missing_lines": 0, "excluded_lines": 0, "percent_statements_covered": 100.0, "percent_statements_covered_display": "100"}, "missing_lines": [], "excluded_lines": []}, "ApplicationInfo.get_uptime": {"executed_lines": [598], "summary": {"covered_lines": 1, "num_statements": 1, "percent_covered": 100.0, "percent_covered_display": "100", "missing_lines": 0, "excluded_lines": 0, "percent_statements_covered": 100.0, "percent_statements_covered_display": "100"}, "missing_lines": [], "excluded_lines": []}, "initialize_metrics": {"executed_lines": [621, 623, 624, 626], "summary": {"covered_lines": 4, "num_statements": 4, "percent_covered": 100.0, "percent_covered_display": "100", "missing_lines": 0, "excluded_lines": 0, "percent_statements_covered": 100.0, "percent_statements_covered_display": "100"}, "missing_lines": [], "excluded_lines": []}, "": {"executed_lines": [1, 20, 21, 22, 23, 34, 37, 38, 44, 60, 83, 88, 89, 95, 164, 212, 241, 257, 269, 270, 276, 338, 368, 395, 445, 446, 452, 491, 521, 547, 548, 554, 591, 596, 602, 636], "summary": {"covered_lines": 30, "num_statements": 42, "percent_covered": 71.42857142857143, "percent_covered_display": "71", "missing_lines": 12, "excluded_lines": 0, "percent_statements_covered": 71.42857142857143, "percent_statements_covered_display": "71"}, "missing_lines": [637, 640, 646, 648, 649, 652, 653, 655, 656, 657, 658, 659], "excluded_lines": []}}, "classes": {"MetricsPublisher": {"executed_lines": [56, 57, 58, 62, 63, 64, 66, 67, 68, 69, 70, 71, 72, 76, 81, 85], "summary": {"covered_lines": 16, "num_statements": 16, "percent_covered": 100.0, "percent_covered_display": "100", "missing_lines": 0, "excluded_lines": 0, "percent_statements_covered": 100.0, "percent_statements_covered_display": "100"}, "missing_lines": [], "excluded_lines": []}, "ReconciliationMetrics": {"executed_lines": [102, 105, 112, 120, 128, 135, 142, 150, 157, 180, 182, 187, 191, 195, 196, 200, 201, 202, 206, 226, 230, 231, 235, 251, 255, 264], "summary": {"covered_lines": 26, "num_statements": 26, "percent_covered": 100.0, "percent_covered_display": "100", "missing_lines": 0, "excluded_lines": 0, "percent_statements_covered": 100.0, "percent_statements_covered_display": "100"}, "missing_lines": [], "excluded_lines": []}, "ConnectorMetrics": {"executed_lines": [283, 286, 293, 302, 310, 317, 324, 331, 352, 354, 359, 363, 382, 384, 390, 414, 420, 422, 426, 430, 434, 438], "summary": {"covered_lines": 22, "num_statements": 22, "percent_covered": 100.0, "percent_covered_display": "100", "missing_lines": 0, "excluded_lines": 0, "percent_statements_covered": 100.0, "percent_statements_covered_display": "100"}, "missing_lines": [], "excluded_lines": []}, "VaultMetrics": {"executed_lines": [459, 462, 469, 478, 485, 505, 507, 512, 516, 533, 535, 539, 541], "summary": {"covered_lines": 13, "num_statements": 13, "percent_covered": 100.0, "percent_covered_display": "100", "missing_lines": 0, "excluded_lines": 0, "percent_statements_covered": 100.0, "percent_statements_covered_display": "100"}, "missing_lines": [], "excluded_lines": []}, "ApplicationInfo": {"executed_lines": [568, 571, 577, 583, 585, 593, 594, 598], "summary": {"covered_lines": 8, "num_statements": 8, "percent_covered": 100.0, "percent_covered_display": "100", "missing_lines": 0, "excluded_lines": 0, "percent_statements_covered": 100.0, "percent_statements_covered_display": "100"}, "missing_lines": [], "excluded_lines": []}, "": {"executed_lines": [1, 20, 21, 22, 23, 34, 37, 38, 44, 60, 83, 88, 89, 95, 164, 212, 241, 257, 269, 270, 276, 338, 368, 395, 445, 446, 452, 491, 521, 547, 548, 554, 591, 596, 602, 621, 623, 624, 626, 636], "summary": {"covered_lines": 34, "num_statements": 46, "percent_covered": 73.91304347826087, "percent_covered_display": "74", "missing_lines": 12, "excluded_lines": 0, "percent_statements_covered": 73.91304347826087, "percent_statements_covered_display": "74"}, "missing_lines": [637, 640, 646, 648, 649, 652, 653, 655, 656, 657, 658, 659], "excluded_lines": []}}}, "src/utils/vault_client.py": {"executed_lines": [1, 8, 9, 10, 11, 12, 15, 18, 19, 25, 42, 43, 44, 46, 47, 52, 53, 59, 62, 67, 68, 70, 72, 88, 92, 99, 106, 108, 109, 110, 112, 114, 116, 118, 120, 121, 123, 125, 128, 130, 131, 133, 135, 137, 158, 162, 168, 169, 174, 176, 179, 180, 182, 184, 188, 189, 194, 195, 197, 199, 201, 208, 210, 211, 219, 220, 221, 222, 225, 244, 245], "summary": {"covered_lines": 69, "num_statements": 74, "percent_covered": 93.24324324324324, "percent_covered_display": "93", "missing_lines": 5, "excluded_lines": 0, "percent_statements_covered": 93.24324324324324, "percent_statements_covered_display": "93"}, "missing_lines": [89, 93, 100, 159, 163], "excluded_lines": [], "functions": {"VaultClient.__init__": {"executed_lines": [42, 43, 44, 46, 47, 52, 53, 59, 62, 67, 68, 70], "summary": {"covered_lines": 12, "num_statements": 12, "percent_covered": 100.0, "percent_covered_display": "100", "missing_lines": 0, "excluded_lines": 0, "percent_statements_covered": 100.0, "percent_statements_covered_display": "100"}, "missing_lines": [], "excluded_lines": []}, "VaultClient.get_secret": {"executed_lines": [88, 92, 99, 106, 108, 109, 110, 112, 114, 116, 118, 120, 121, 123, 125, 128, 130, 131, 133, 135], "summary": {"covered_lines": 20, "num_statements": 23, "percent_covered": 86.95652173913044, "percent_covered_display": "87", "missing_lines": 3, "excluded_lines": 0, "percent_statements_covered": 86.95652173913044, "percent_statements_covered_display": "87"}, "missing_lines": [89, 93, 100], "excluded_lines": []}, "VaultClient.get_database_credentials": {"executed_lines": [158, 162, 168, 169, 174, 176, 179, 180, 182, 184, 188, 189, 194, 195, 197, 199], "summary": {"covered_lines": 16, "num_statements": 18, "percent_covered": 88.88888888888889, "percent_covered_display": "89", "missing_lines": 2, "excluded_lines": 0, "percent_statements_covered": 88.88888888888889, "percent_statements_covered_display": "89"}, "missing_lines": [159, 163], "excluded_lines": []}, "VaultClient.health_check": {"executed_lines": [208, 210, 211, 219, 220, 221, 222], "summary": {"covered_lines": 7, "num_statements": 7, "percent_covered": 100.0, "percent_covered_display": "100", "missing_lines": 0, "excluded_lines": 0, "percent_statements_covered": 100.0, "percent_statements_covered_display": "100"}, "missing_lines": [], "excluded_lines": []}, "get_credentials_from_vault": {"executed_lines": [244, 245], "summary": {"covered_lines": 2, "num_statements": 2, "percent_covered": 100.0, "percent_covered_display": "100", "missing_lines": 0, "excluded_lines": 0, "percent_statements_covered": 100.0, "percent_statements_covered_display": "100"}, "missing_lines": [], "excluded_lines": []}, "": {"executed_lines": [1, 8, 9, 10, 11, 12, 15, 18, 19, 25, 72, 137, 201, 225], "summary": {"covered_lines": 12, "num_statements": 12, "percent_covered": 100.0, "percent_covered_display": "100", "missing_lines": 0, "excluded_lines": 0, "percent_statements_covered": 100.0, "percent_statements_covered_display": "100"}, "missing_lines": [], "excluded_lines": []}}, "classes": {"VaultClient": {"executed_lines": [42, 43, 44, 46, 47, 52, 53, 59, 62, 67, 68, 70, 88, 92, 99, 106, 108, 109, 110, 112, 114, 116, 118, 120, 121, 123, 125, 128, 130, 131, 133, 135, 158, 162, 168, 169, 174, 176, 179, 180, 182, 184, 188, 189, 194, 195, 197, 199, 208, 210, 211, 219, 220, 221, 222], "summary": {"covered_lines": 55, "num_statements": 60, "percent_covered": 91.66666666666667, "percent_covered_display": "92", "missing_lines": 5, "excluded_lines": 0, "percent_statements_covered": 91.66666666666667, "percent_statements_covered_display": "92"}, "missing_lines": [89, 93, 100, 159, 163], "excluded_lines": []}, "": {"executed_lines": [1, 8, 9, 10, 11, 12, 15, 18, 19, 25, 72, 137, 201, 225, 244, 245], "summary": {"covered_lines": 14, "num_statements": 14, "percent_covered": 100.0, "percent_covered_display": "100", "missing_lines": 0, "excluded_lines": 0, "percent_statements_covered": 100.0, "percent_statements_covered_display": "100"}, "missing_lines": [], "excluded_lines": []}}}}, "totals": {"covered_lines": 738, "num_statements": 780, "percent_covered": 94.61538461538461, "percent_covered_display": "95", "missing_lines": 42, "excluded_lines": 0, "percent_statements_covered": 94.61538461538461, "percent_statements_covered_display": "95"}}